<?xml version="1.0" encoding="UTF-8"?>
<testsuite name="ai.indygen.tests.AppTest" tests="2" skipped="0" failures="0" errors="0" timestamp="2024-06-27T09:58:01" hostname="Admins-MacBook-Pro.local" time="0.002">
  <properties/>
  <testcase name="test01_validateHelloWorld" classname="ai.indygen.tests.AppTest" time="0.001"/>
  <testcase name="test02_validatePostiveInt" classname="ai.indygen.tests.AppTest" time="0.0"/>
  <system-out><![CDATA[]]></system-out>
  <system-err><![CDATA[]]></system-err>
</testsuite>
